	Exporter version: 4.2.1, Blender version: 2.76 (sub 0)
========= Conversion from Blender to Babylon.js =========
	Scene settings used:
		selected layers only:  false
		flat shading entire scene:  false
		inline textures:  false
	Python World class constructor completed
	processing begun of mesh:  Plane
		processing begun of baked material:  Plane
			Cycles baking texture, type: DIFFUSE_COLOR, mapped using: BakingUV
		num positions      :  4
		num normals        :  4
		num uvs            :  8
		num uvs2           :  0
		num colors         :  0
		num indices        :  6
	processing begun of mesh:  Cube
		processing begun of baked material:  Cube
			Cycles baking texture, type: DIFFUSE_COLOR, mapped using: UVMap
		num positions      :  1058
		num normals        :  1058
		num uvs            :  2116
		num uvs2           :  0
		num colors         :  0
		num indices        :  3408
	processing begun of camera (FreeCamera):  Camera
	processing begun of light (POINT):  Lamp
========= Writing of scene file started =========
========= Writing of scene file completed =========
========= end of processing =========
elapsed time:  0 min, 32.4187 secs
