	Exporter version: 4.2.1, Blender version: 2.76 (sub 0)
========= Conversion from Blender to Babylon.js =========
	Scene settings used:
		selected layers only:  false
		flat shading entire scene:  false
		inline textures:  false
	Python World class constructor completed
	processing begun of mesh:  Sphere
		WARNING: No materials have been assigned: 
		num positions      :  482
		num normals        :  482
		num uvs            :  0
		num uvs2           :  0
		num colors         :  0
		num indices        :  2880
	processing begun of mesh:  Suzanne
		WARNING: No materials have been assigned: 
		num positions      :  507
		num normals        :  507
		num uvs            :  0
		num uvs2           :  0
		num colors         :  0
		num indices        :  2904
	processing begun of camera (FreeCamera):  Camera
	processing begun of light (SPOT):  Spot
	processing begun of shadows for light:  Spot
	processing begun of light (POINT):  Lamp
========= Writing of scene file started =========
========= Writing of scene file completed =========
========= end of processing =========
elapsed time:  0 min, 0.0791 secs
